SF:lib/cp949_codec.dart
DA:23,1
DA:30,0
DA:34,3
DA:36,1
DA:37,1
DA:39,1
DA:40,0
DA:42,1
DA:48,3
DA:49,2
DA:54,1
DA:55,5
DA:57,1
DA:61,2
DA:69,1
DA:71,1
DA:73,1
DA:74,1
DA:76,1
DA:77,0
DA:80,1
DA:84,1
DA:86,4
DA:87,2
DA:90,0
DA:91,0
DA:95,1
DA:96,1
DA:97,1
DA:101,2
DA:102,0
DA:104,5
DA:108,2
DA:109,1
DA:112,0
DA:113,0
DA:117,1
DA:118,2
DA:120,0
DA:121,0
DA:123,1
DA:131,4
DA:139,1
DA:143,1
DA:145,2
DA:146,1
DA:148,1
DA:151,1
DA:155,2
DA:156,1
DA:159,0
DA:162,1
DA:163,2
DA:166,1
DA:167,1
DA:169,1
DA:174,1
LF:57
LH:46
end_of_record
